  bitmapclass.cpp
  cameraclass.cpp
  colorshaderclass.cpp
  cpuclass.cpp
  d3dclass.cpp
  DDSTextureLoader.cpp
  fontclass.cpp
  fontshaderclass.cpp
  fpsclass.cpp
  graphicsclass.cpp
C:\Users\dlsrb\Desktop\DF\DirectFinal\DirectFinal\graphicsclass.cpp(208,28): warning C4316: 'Skymapclass': 힙에 할당된 개체가 16에 맞추어져 있지 않을 수도 있습니다
  inputclass.cpp
  lightclass.cpp
  lightshaderclass.cpp
  main.cpp
  modelclass.cpp
  Refractionshaderclass.cpp
  skymapclass.cpp
C:\Users\dlsrb\Desktop\DF\DirectFinal\DirectFinal\skymapclass.cpp(262,10): warning C4101: 'result' :참조되지 않은 지역 변수입니다.
  soundclass.cpp
  systemclass.cpp
C:\Users\dlsrb\Desktop\DF\DirectFinal\DirectFinal\systemclass.cpp(59,32): warning C4316: 'GraphicsClass': 힙에 할당된 개체가 16에 맞추어져 있지 않을 수도 있습니다
  textclass.cpp
  코드를 생성하고 있습니다...
  컴파일하고 있습니다...
  textureclass.cpp
  textureshaderclass.cpp
  timerclass.cpp
  Watershaderclass.cpp
  코드를 생성하고 있습니다...
  DirectFinal.vcxproj -> C:\Users\dlsrb\Desktop\DF\DirectFinal\Debug\DirectFinal.exe
